<?xml version="1.0" encoding="windows-1252" standalone="no"?>
<!DOCTYPE log SYSTEM "logger.dtd">
<log>
<record>
  <date>2015-06-19T10:40:46</date>
  <millis>1434703246265</millis>
  <sequence>36</sequence>
  <logger>com.fenrir.util.logger.UserLogger</logger>
  <level>INFO</level>
  <class>com.fenrir.util.logger.UserLogger</class>
  <method>logUser</method>
  <thread>23</thread>
  <message>larsh -- success</message>
</record>
<record>
  <date>2015-06-19T10:40:48</date>
  <millis>1434703248359</millis>
  <sequence>37</sequence>
  <logger>com.fenrir.util.logger.UserLogger</logger>
  <level>INFO</level>
  <class>com.fenrir.util.logger.UserLogger</class>
  <method>logAction</method>
  <thread>28</thread>
  <message>larsh watchting editProfile</message>
</record>
<record>
  <date>2015-06-19T10:40:50</date>
  <millis>1434703250263</millis>
  <sequence>38</sequence>
  <logger>com.fenrir.util.logger.UserLogger</logger>
  <level>INFO</level>
  <class>com.fenrir.util.logger.UserLogger</class>
  <method>logAction</method>
  <thread>24</thread>
  <message>larsh watchting listUsers</message>
</record>
<record>
  <date>2015-06-19T10:40:50</date>
  <millis>1434703250916</millis>
  <sequence>39</sequence>
  <logger>com.fenrir.util.logger.UserLogger</logger>
  <level>INFO</level>
  <class>com.fenrir.util.logger.UserLogger</class>
  <method>logAction</method>
  <thread>26</thread>
  <message>larsh watchting editProfile</message>
</record>
<record>
  <date>2015-06-19T10:40:56</date>
  <millis>1434703256271</millis>
  <sequence>40</sequence>
  <logger>com.fenrir.util.logger.UserLogger</logger>
  <level>INFO</level>
  <class>com.fenrir.util.logger.UserLogger</class>
  <method>logAction</method>
  <thread>22</thread>
  <message>larsh watchting listUsers</message>
</record>
<record>
  <date>2015-06-19T10:41:30</date>
  <millis>1434703290841</millis>
  <sequence>41</sequence>
  <logger>com.fenrir.util.logger.UserLogger</logger>
  <level>INFO</level>
  <class>com.fenrir.util.logger.UserLogger</class>
  <method>logAction</method>
  <thread>23</thread>
  <message>larsh watchting listUsers</message>
</record>
